{
  "numFailedTestSuites": 0,
  "numFailedTests": 0,
  "numPassedTestSuites": 1,
  "numPassedTests": 4,
  "numPendingTestSuites": 0,
  "numPendingTests": 0,
  "numRuntimeErrorTestSuites": 0,
  "numTodoTests": 0,
  "numTotalTestSuites": 1,
  "numTotalTests": 4,
  "openHandles": [],
  "snapshot": {
    "added": 0,
    "didUpdate": false,
    "failure": false,
    "filesAdded": 0,
    "filesRemoved": 0,
    "filesRemovedList": [],
    "filesUnmatched": 0,
    "filesUpdated": 0,
    "matched": 0,
    "total": 0,
    "unchecked": 0,
    "uncheckedKeysByFile": [],
    "unmatched": 0,
    "updated": 0
  },
  "startTime": 1746782810451,
  "success": false,
  "testResults": [
    {
      "leaks": false,
      "numFailingTests": 0,
      "numPassingTests": 4,
      "numPendingTests": 0,
      "numTodoTests": 0,
      "openHandles": [],
      "perfStats": {
        "end": 1746782814778,
        "runtime": 4110,
        "slow": false,
        "start": 1746782810668
      },
      "skipped": false,
      "snapshot": {
        "added": 0,
        "fileDeleted": false,
        "matched": 0,
        "unchecked": 0,
        "uncheckedKeys": [],
        "unmatched": 0,
        "updated": 0
      },
      "testFilePath": "/home/runner/work/NotifyLog/NotifyLog/test/notification/notification.controller.spec.ts",
      "testResults": [
        {
          "ancestorTitles": [
            "NotificationController",
            "send"
          ],
          "duration": 36,
          "failureDetails": [],
          "failureMessages": [],
          "fullName": "NotificationController send should send notification and log successfully",
          "invocations": 1,
          "location": null,
          "numPassingAsserts": 3,
          "retryReasons": [],
          "status": "passed",
          "title": "should send notification and log successfully"
        },
        {
          "ancestorTitles": [
            "NotificationController",
            "send"
          ],
          "duration": 12,
          "failureDetails": [],
          "failureMessages": [],
          "fullName": "NotificationController send should throw error if strategy send fails",
          "invocations": 1,
          "location": null,
          "numPassingAsserts": 1,
          "retryReasons": [],
          "status": "passed",
          "title": "should throw error if strategy send fails"
        },
        {
          "ancestorTitles": [
            "NotificationController",
            "getNotificationHistory"
          ],
          "duration": 6,
          "failureDetails": [],
          "failureMessages": [],
          "fullName": "NotificationController getNotificationHistory should return notification history with default pagination",
          "invocations": 1,
          "location": null,
          "numPassingAsserts": 2,
          "retryReasons": [],
          "status": "passed",
          "title": "should return notification history with default pagination"
        },
        {
          "ancestorTitles": [
            "NotificationController",
            "getNotificationHistory"
          ],
          "duration": 2,
          "failureDetails": [],
          "failureMessages": [],
          "fullName": "NotificationController getNotificationHistory should handle custom pagination",
          "invocations": 1,
          "location": null,
          "numPassingAsserts": 2,
          "retryReasons": [],
          "status": "passed",
          "title": "should handle custom pagination"
        }
      ],
      "failureMessage": null
    }
  ],
  "wasInterrupted": false
}