{
  "numFailedTestSuites": 0,
  "numFailedTests": 0,
  "numPassedTestSuites": 2,
  "numPassedTests": 11,
  "numPendingTestSuites": 0,
  "numPendingTests": 0,
  "numRuntimeErrorTestSuites": 0,
  "numTodoTests": 0,
  "numTotalTestSuites": 2,
  "numTotalTests": 11,
  "openHandles": [],
  "snapshot": {
    "added": 0,
    "didUpdate": false,
    "failure": false,
    "filesAdded": 0,
    "filesRemoved": 0,
    "filesRemovedList": [],
    "filesUnmatched": 0,
    "filesUpdated": 0,
    "matched": 0,
    "total": 0,
    "unchecked": 0,
    "uncheckedKeysByFile": [],
    "unmatched": 0,
    "updated": 0
  },
  "startTime": 1748763027193,
  "success": false,
  "testResults": [
    {
      "leaks": false,
      "numFailingTests": 0,
      "numPassingTests": 7,
      "numPendingTests": 0,
      "numTodoTests": 0,
      "openHandles": [],
      "perfStats": {
        "end": 1748763032488,
        "runtime": 4644,
        "slow": false,
        "start": 1748763027844
      },
      "skipped": false,
      "snapshot": {
        "added": 0,
        "fileDeleted": false,
        "matched": 0,
        "unchecked": 0,
        "uncheckedKeys": [],
        "unmatched": 0,
        "updated": 0
      },
      "testFilePath": "D:\\Github_profile\\SmartEduHub-Repo\\NotifyLog\\src\\test\\logger\\log.controller.spec.ts",
      "testResults": [
        {
          "ancestorTitles": [
            "LogController",
            "getLogs"
          ],
          "duration": 20,
          "failureDetails": [],
          "failureMessages": [],
          "fullName": "LogController getLogs should return logs with default pagination",
          "invocations": 1,
          "location": null,
          "numPassingAsserts": 2,
          "retryReasons": [],
          "status": "passed",
          "title": "should return logs with default pagination"
        },
        {
          "ancestorTitles": [
            "LogController",
            "getLogById"
          ],
          "duration": 3,
          "failureDetails": [],
          "failureMessages": [],
          "fullName": "LogController getLogById should return a log by ID",
          "invocations": 1,
          "location": null,
          "numPassingAsserts": 1,
          "retryReasons": [],
          "status": "passed",
          "title": "should return a log by ID"
        },
        {
          "ancestorTitles": [
            "LogController",
            "getLogById"
          ],
          "duration": 12,
          "failureDetails": [],
          "failureMessages": [],
          "fullName": "LogController getLogById should throw NotFoundException if log not found",
          "invocations": 1,
          "location": null,
          "numPassingAsserts": 2,
          "retryReasons": [],
          "status": "passed",
          "title": "should throw NotFoundException if log not found"
        },
        {
          "ancestorTitles": [
            "LogController",
            "deleteLogById"
          ],
          "duration": 2,
          "failureDetails": [],
          "failureMessages": [],
          "fullName": "LogController deleteLogById should delete a log by ID",
          "invocations": 1,
          "location": null,
          "numPassingAsserts": 0,
          "retryReasons": [],
          "status": "passed",
          "title": "should delete a log by ID"
        },
        {
          "ancestorTitles": [
            "LogController",
            "deleteLogById"
          ],
          "duration": 2,
          "failureDetails": [],
          "failureMessages": [],
          "fullName": "LogController deleteLogById should throw NotFoundException if log not found",
          "invocations": 1,
          "location": null,
          "numPassingAsserts": 1,
          "retryReasons": [],
          "status": "passed",
          "title": "should throw NotFoundException if log not found"
        },
        {
          "ancestorTitles": [
            "LogController",
            "getLogStats"
          ],
          "duration": 1,
          "failureDetails": [],
          "failureMessages": [],
          "fullName": "LogController getLogStats should return log statistics",
          "invocations": 1,
          "location": null,
          "numPassingAsserts": 1,
          "retryReasons": [],
          "status": "passed",
          "title": "should return log statistics"
        },
        {
          "ancestorTitles": [
            "LogController",
            "getLogStats"
          ],
          "duration": 1,
          "failureDetails": [],
          "failureMessages": [],
          "fullName": "LogController getLogStats should return stats without filters",
          "invocations": 1,
          "location": null,
          "numPassingAsserts": 1,
          "retryReasons": [],
          "status": "passed",
          "title": "should return stats without filters"
        }
      ],
      "failureMessage": null
    },
    {
      "leaks": false,
      "numFailingTests": 0,
      "numPassingTests": 4,
      "numPendingTests": 0,
      "numTodoTests": 0,
      "openHandles": [],
      "perfStats": {
        "end": 1748763032803,
        "runtime": 4959,
        "slow": false,
        "start": 1748763027844
      },
      "skipped": false,
      "snapshot": {
        "added": 0,
        "fileDeleted": false,
        "matched": 0,
        "unchecked": 0,
        "uncheckedKeys": [],
        "unmatched": 0,
        "updated": 0
      },
      "testFilePath": "D:\\Github_profile\\SmartEduHub-Repo\\NotifyLog\\src\\test\\notification\\notification.controller.spec.ts",
      "testResults": [
        {
          "ancestorTitles": [
            "NotificationController",
            "send"
          ],
          "duration": 22,
          "failureDetails": [],
          "failureMessages": [],
          "fullName": "NotificationController send should send notification and log successfully",
          "invocations": 1,
          "location": null,
          "numPassingAsserts": 3,
          "retryReasons": [],
          "status": "passed",
          "title": "should send notification and log successfully"
        },
        {
          "ancestorTitles": [
            "NotificationController",
            "send"
          ],
          "duration": 7,
          "failureDetails": [],
          "failureMessages": [],
          "fullName": "NotificationController send should throw error if strategy send fails",
          "invocations": 1,
          "location": null,
          "numPassingAsserts": 1,
          "retryReasons": [],
          "status": "passed",
          "title": "should throw error if strategy send fails"
        },
        {
          "ancestorTitles": [
            "NotificationController",
            "getNotificationHistory"
          ],
          "duration": 3,
          "failureDetails": [],
          "failureMessages": [],
          "fullName": "NotificationController getNotificationHistory should return notification history with default pagination",
          "invocations": 1,
          "location": null,
          "numPassingAsserts": 2,
          "retryReasons": [],
          "status": "passed",
          "title": "should return notification history with default pagination"
        },
        {
          "ancestorTitles": [
            "NotificationController",
            "getNotificationHistory"
          ],
          "duration": 1,
          "failureDetails": [],
          "failureMessages": [],
          "fullName": "NotificationController getNotificationHistory should handle custom pagination",
          "invocations": 1,
          "location": null,
          "numPassingAsserts": 2,
          "retryReasons": [],
          "status": "passed",
          "title": "should handle custom pagination"
        }
      ],
      "failureMessage": null
    }
  ],
  "wasInterrupted": false
}